1586077678033:add 2 3
1586077714015:um
1586077758123:d
1586077811536:add 5 5
1586077819504:sum 44
1586077829036:sum 4 5
1586077990911:hngCs l
1586078097206:change pls
1586078252784:change
1586078265175:change pls
1586078427848:change fhlb
1586079773648:help
1586079807783:el
1586079831860:help
1586079834998:clear
1586079850591:exit
1586080895701:rest
1586082266183:script C:/Users/rjagan/Documents
1586082281291:stacktrace
1586082375402:D:\\\nclear
1586082383969:clear
1586082400498:script D:/test.txt
1586082734463:help
1586152498273:sum 5 5
1586152551875:change
1586152567611:change pls
1586152580896:change fhlb
1586152591484:help
1586152605395:stacktrace
1586152645796:script D:/test.txt
